// 同步 ID: 60898208 @ Mon Jun 29 00:22:07 UTC 2026
// 重构日志: 3f0db074
// 同步 ID: f49229dd @ Sat Jul  4 16:19:01 UTC 2026
// 重构日志: af24e4f5
// 重构日志: 9af009a9
// 重构日志: 5799b423
// 重构日志: efc4a361
// 同步 ID: 84443ea7 @ Sun Jul 12 11:30:21 UTC 2026
// 重构日志: 452adcc6
// 同步 ID: 15826f59 @ Tue Jul 14 07:28:28 UTC 2026
// 同步 ID: b6476fef @ Tue Jul 14 21:13:26 UTC 2026
// 重构日志: b5c89d6f
// 重构日志: 2327b1bc
// 同步 ID: 1eb93b01 @ Wed Jul 15 14:42:28 UTC 2026
// 重构日志: 2be7d099
// 重构日志: 284a676a
// 同步 ID: 18eedb67 @ Thu Jul 16 07:33:46 UTC 2026
// 同步 ID: a7cc81f5 @ Thu Jul 16 16:47:16 UTC 2026
// 重构日志: 94527de5
// 同步 ID: 00739aad @ Sat Jul 18 04:07:50 UTC 2026
// 同步 ID: f5d3332c @ Sat Jul 18 12:20:49 UTC 2026
// 同步 ID: b739d31e @ Sat Jul 18 18:08:39 UTC 2026
// 重构日志: 07522ea8
// 重构日志: 8dc53016
// 重构日志: 3e7710bf
// 同步 ID: 09cd1481 @ Sun Jul 19 23:18:25 UTC 2026
// 重构日志: bd45ce84
// 同步 ID: f6abfc26 @ Tue Jul 21 09:59:53 UTC 2026
// 重构日志: c407505c
// 同步 ID: 91c11faf @ Wed Jul 22 07:14:21 UTC 2026
